2351106 1140696 396726 2.365529
4356282 2673492 1183044 1.744417
5588836 4058080 1946034 1.418121
6483448 5272720 2673831 1.215408
7323424 6389540 3384874 1.086653
8173730 7468244 4079255 1.002038
8985504 8468524 4759622 0.936974
9790174 9434130 5439853 0.884512
10643502 10332732 6118614 0.845759
11408318 11201866 6763044 0.810945
12088964 12079746 7400752 0.775447
12825164 12896670 8043556 0.747071
13524508 13689572 8700023 0.716899
14169728 14445046 9351878 0.686119
14795458 15173024 10001958 0.656729
15507540 15922908 10650933 0.636101
16227860 16615874 11287707 0.617983
16890452 17302344 11904699 0.600115
17464724 17952686 12512473 0.578881
18042584 18572336 13076849 0.563269
18703946 19202908 13664836 0.550811
19387912 19816364 14255446 0.539624
20119818 20410638 14840953 0.531514
20833490 20986522 15397667 0.525322
21485492 21554426 15937633 0.517975
22086590 22096392 16497043 0.506368
22637236 22613864 17033852 0.494537
23159728 23166590 17576932 0.482266
23814592 23689972 18131905 0.474494
24395124 24223174 18653696 0.466946
24820584 24716676 19181507 0.452093
25170322 25170798 19738355 0.431628
25583260 25677740 20287325 0.416172
26092206 26137734 20797354 0.406892
26643304 26559326 21323480 0.397437
27239376 26976810 21848771 0.389914
27862898 27414862 22405971 0.381757
28679156 27826146 22947588 0.381301
29416334 28236390 23474413 0.379082
30147064 28636866 23961463 0.379267
30692378 29055214 24461577 0.372547
31113978 29423100 24916633 0.363789
31414224 29808926 25410013 0.348994
31573642 30167124 25898629 0.329614
31991774 30495254 26414947 0.316677
32620500 30876820 26912277 0.313270
33175368 31179660 27424469 0.304881
33749012 31518082 27917500 0.299260
34320016 31882388 28434020 0.292775
34713510 32194254 28919351 0.281698
35100246 32510442 29421975 0.269659
35402030 32810952 29903763 0.256178
35741414 33096900 30372913 0.244509
36038440 33388146 30802042 0.234290
36517534 33711876 31215214 0.231342
36798268 33965576 31614361 0.221846
37035404 34244798 32062214 0.208959
37508512 34509936 32487053 0.204125
37879222 34786882 32966846 0.193533
38171210 35051908 33374549 0.184698
38528788 35307178 33806248 0.176266
39033582 35542714 34230154 0.172074
39425030 35810660 34634143 0.166638
39586114 36068792 35055334 0.153713
39635510 36321496 35503994 0.136256
39729904 36554004 35899907 0.122670
40072560 36776298 36244532 0.118549
40423610 37017724 36590366 0.115096
40669244 37213160 36962423 0.106348
40970864 37436764 37369502 0.097995
41374932 37629790 37750556 0.093107
41845890 37837788 38102186 0.091953
42264616 38000420 38442215 0.088962
42779822 38203114 38743143 0.091528
43343072 38400140 39061600 0.094271
43793000 38563042 39412319 0.091575
44164070 38704920 39757320 0.086665
44360816 38887628 40099836 0.078400
44556336 39054060 40478224 0.067956
44870622 39218136 40791968 0.063869
45332822 39380386 41119250 0.062841
45680686 39530408 41424518 0.059753
45931406 39642766 41709065 0.054387
46172144 39786822 41985590 0.049961
46443648 39915324 42285362 0.044801
46815568 40003910 42599331 0.040516
47145916 40160420 42910341 0.036993
47560198 40305958 43205781 0.036089
48046582 40437660 43529870 0.035227
48460928 40546778 43770830 0.036157
48882738 40647726 43989489 0.038169
49203866 40777258 44238431 0.036890
49359404 40857592 44474801 0.031020
49653648 40955828 44714739 0.028811
49995582 41046910 44962272 0.027236
50056934 41141642 45160038 0.021353
50112182 41243370 45342965 0.016236
50242558 41299840 45462907 0.014929
50250594 41363040 45629504 0.008573
50483280 41439398 45772570 0.009111
50757278 41515994 45876707 0.012522
51089064 41591276 46065458 0.013210
51391998 41653722 46222921 0.014402
51789878 41710252 46393315 0.017106
52082478 41761636 46500913 0.020169
52364448 41841714 46605833 0.023768
52752802 41893688 46796470 0.025148
52955876 41951690 46985634 0.022318
52918704 42004788 47066761 0.018807
52945210 41993734 47091234 0.018014
52945106 42029432 47136338 0.016699
53003142 42100690 47211275 0.016182
53267654 42147568 47287486 0.019936
53379594 42201102 47267911 0.024759
53512646 42245162 47314874 0.026703
53543344 42285884 47388780 0.024870
53596120 42318668 47451536 0.023907
53571094 42364264 47522781 0.021003
53495322 42367594 47575486 0.016804
53498530 42390530 47617542 0.015427
53284188 42411234 47660562 0.008825
53269650 42439000 47690270 0.007731
53268132 42449768 47742286 0.005497
53281232 42446586 47796434 0.003179
53246820 42450546 47859291 -0.000500
53291880 42445706 47887037 -0.000860
53313696 42436318 47907522 -0.001532
53349826 42400966 47980032 -0.004936
53441144 42370984 48048893 -0.006742
53531182 42361896 48084284 -0.006503
53484280 42326044 48110567 -0.009706
53443020 42325170 48126973 -0.011477
53593062 42294858 48116683 -0.008168
53924978 42299546 48093983 0.000864
54026064 42280102 48129988 0.001092
54111432 42271238 48119350 0.003406
54164144 42219696 48143862 0.002277
54340930 42184298 48140230 0.005802
54509354 42157736 48121405 0.010064
54302938 42131200 48102207 0.005453
53917826 42054010 48079795 -0.004465
53682962 42014746 48039902 -0.009094
53515038 41947856 48034317 -0.014440
53435178 41893492 48046917 -0.018265
53209310 41841784 47999227 -0.022641
53022614 41777662 47914220 -0.024610
52653798 41718762 47844915 -0.031575
52259964 41662218 47755666 -0.038144
51747822 41610650 47706022 -0.049352
51328000 41559408 47654232 -0.058255
51066232 41500264 47624902 -0.064658
50979454 41449394 47534962 -0.063718
50907822 41347564 47481603 -0.065489
50786066 41256348 47333067 -0.063596
50564478 41193608 47279492 -0.067994
50146320 41142176 47149106 -0.073154
49809244 41055942 47007975 -0.076743
49517508 40973122 46906577 -0.081090
49265226 40886452 46806997 -0.084681
49057496 40768084 46675453 -0.086473
48750968 40672468 46560027 -0.090887
48447938 40570818 46432597 -0.094808
48204728 40517262 46250787 -0.093283
47740368 40420582 46032781 -0.096600
47280782 40362720 45840732 -0.100042
46867172 40278064 45689846 -0.105131
46574558 40166206 45477927 -0.104941
46577716 40077398 45270447 -0.096957
46480112 39988290 45001333 -0.088382
46283450 39915448 44761551 -0.083281
45949052 39795840 44536103 -0.083610
45801772 39683482 44230066 -0.074965
45632322 39597300 43937128 -0.066788
45275866 39486818 43744869 -0.069062
45073976 39387406 43490954 -0.063993
45026974 39281642 43291278 -0.057888
44930048 39163898 43103156 -0.053937
44642710 39052012 42856330 -0.051673
44285194 38918430 42602892 -0.051445
44037416 38798668 42422737 -0.051790
43796538 38643698 42224144 -0.051963
43347184 38469084 42047196 -0.059220
42902502 38334578 41868175 -0.065196
42787568 38170422 41666574 -0.062225
42603846 38072490 41466634 -0.059280
42509826 37932358 41307961 -0.057306
42170094 37799112 41105776 -0.059323
41659660 37648094 40848440 -0.063459
40953998 37496298 40641297 -0.075535
40379252 37347228 40379348 -0.081190
39918868 37197304 40071099 -0.081351
39536820 37078820 39692242 -0.074675
39048530 36943854 39392464 -0.075589
38484148 36798086 39087870 -0.078632
37897358 36619118 38815418 -0.085047
37381302 36454026 38565590 -0.090411
36886218 36321366 38280501 -0.092326
36350326 36172630 38014315 -0.096915
35677450 36019330 37755103 -0.105872
35061114 35897206 37459906 -0.110357
34646790 35733042 37188455 -0.111859
34189668 35550754 36961804 -0.117668
33733358 35392508 36746390 -0.123385
33270030 35246958 36523697 -0.128533
32892808 35084790 36243656 -0.128538
32590390 34898576 35951117 -0.126460
32354212 34733200 35751268 -0.127115
31934760 34579716 35460330 -0.127421
31583572 34432962 35167511 -0.125417
31170790 34269694 34952845 -0.130296
30663534 34075570 34713325 -0.137563
30196164 33909992 34472070 -0.142671
29757246 33749376 34234244 -0.147021
29400870 33553770 33968848 -0.148510
28928896 33373672 33727079 -0.154361
28471088 33190620 33517521 -0.161893
28159242 33034050 33303939 -0.163909
27787682 32850148 33072238 -0.167629
27494960 32658546 32828215 -0.168499
27005466 32440498 32540891 -0.173728
26466124 32279060 32282250 -0.180281
25941336 32115976 31951106 -0.181994
25456876 31901668 31607741 -0.183593
25104654 31748620 31320886 -0.182323
24671440 31555354 31051189 -0.186199
24231434 31350292 30817863 -0.193108
23772082 31170838 30510935 -0.195020
23283308 30995558 30223628 -0.199009
22858194 30802046 29936931 -0.201728
22460642 30618378 29674309 -0.204766
22066732 30387362 29390293 -0.208195
21732418 30169194 29131221 -0.210839
21390946 29959176 28848494 -0.211850
21025590 29724360 28587019 -0.216122
20788326 29517650 28261911 -0.210648
20490748 29328708 27936668 -0.206415
20172816 29115186 27652851 -0.206686
19864868 28871714 27332715 -0.205351
19606154 28673744 27085525 -0.205455
19340886 28463054 26847389 -0.206964
19020146 28261076 26583931 -0.208295
18666366 28045802 26317308 -0.211171
18297368 27851326 26072681 -0.215310
18051984 27662364 25808234 -0.213363
17814712 27462208 25525049 -0.210223
17576144 27260798 25274222 -0.209513
17333974 27053518 25025060 -0.209312
17114602 26862804 24795231 -0.208953
16884638 26636762 24578825 -0.211597
16628072 26454446 24339015 -0.211515
16282240 26247320 24109290 -0.216747
15892468 26014880 23846633 -0.222408
15699706 25812430 23573595 -0.218308
15592028 25597990 23304033 -0.211659
15344744 25386858 23061382 -0.212360
15049228 25201100 22819955 -0.213863
14807160 24986292 22599667 -0.216354
14526538 24790860 22348356 -0.216988
14356104 24559022 22103359 -0.215464
14124988 24330206 21890179 -0.218870
13882910 24121802 21670002 -0.221181
13616794 23897274 21469268 -0.226991
13363058 23691098 21258806 -0.230612
13153878 23461964 21036763 -0.232618
12933696 23241250 20770154 -0.230855
12705942 22984658 20530350 -0.233638
12461704 22734648 20276917 -0.235653
12193650 22476446 20006511 -0.237712
11937024 22209416 19693398 -0.235952
11658428 21940382 19442662 -0.240949
11372826 21692322 19191551 -0.245154
11205834 21459024 18959858 -0.244879
10948340 21237526 18741367 -0.249411
10692960 20987010 18493029 -0.252827
10462610 20769124 18194638 -0.248327
10299394 20512450 17913677 -0.244511
10118472 20295158 17603929 -0.236225
9862456 20072900 17260996 -0.228499
9537578 19859610 16925778 -0.224293
9244910 19631230 16617803 -0.222068
9023484 19377604 16357668 -0.222641
8897584 19133492 16117604 -0.219726
8703012 18908664 15845486 -0.215737
8501550 18666214 15564573 -0.212222
8395026 18442458 15325343 -0.206762
8221786 18222254 15127800 -0.209171
8068816 17949938 14925734 -0.213522
7928884 17714032 14692116 -0.211206
7798964 17461866 14453159 -0.208769
7664670 17223650 14207285 -0.204733
7534828 16972694 13937508 -0.198407
7409956 16733496 13622571 -0.185358
7251580 16493374 13333443 -0.177158
7020580 16245474 13067348 -0.176581
6747794 16015970 12795166 -0.176484
6481746 15800418 12496703 -0.171593
6253664 15558030 12209324 -0.167563
6083276 15326252 11920713 -0.158675
5943022 15104704 11593477 -0.141627
5773866 14838802 11287874 -0.132294
5628156 14559448 11036695 -0.129523
5443086 14316350 10796626 -0.128092
5260224 14054158 10563157 -0.128925
5036232 13785120 10314763 -0.131169
4799952 13545960 10042434 -0.128375
4630556 13277592 9694067 -0.111465
4506110 13031182 9303965 -0.082160
4352128 12814170 8965338 -0.059651
4244256 12566582 8676108 -0.043081
4169266 12308590 8423213 -0.029944
4052364 12039664 8175150 -0.021452
3945174 11774882 7933576 -0.012492
3834202 11526742 7699409 -0.003286
3768498 11249476 7469690 0.006986
3657772 10996738 7266104 0.011122
3580598 10767258 7099047 0.013909
3464698 10514208 6914314 0.014293
3321046 10252504 6751469 0.006887
3183702 9976544 6618113 -0.007616
3018976 9740696 6461758 -0.016821
2952442 9503446 6304156 -0.016039
2908320 9256582 6156824 -0.016069
2821206 8988436 6035702 -0.029122
2726378 8745070 5903983 -0.038481
2639098 8532026 5769133 -0.043031
2526442 8282580 5630806 -0.054644
2433664 8031628 5479603 -0.061496
2349104 7770794 5354343 -0.075769
2258132 7527442 5217863 -0.086371
2147718 7274846 5069905 -0.098593
2036578 7034612 4908740 -0.106088
1971530 6798538 4689339 -0.089521
1883938 6579814 4517606 -0.086850
1827216 6327760 4348218 -0.085569
1722392 6079650 4165862 -0.087124
1635266 5817466 3965382 -0.082172
1558690 5575840 3781526 -0.076853
1494018 5323308 3607767 -0.074805
1393934 5075580 3434053 -0.078531
1320246 4851656 3249063 -0.067240
1216282 4627362 3078512 -0.067723
1087632 4390438 2930494 -0.087216
996686 4166722 2751083 -0.081301
904712 3955354 2563457 -0.067465
830180 3724198 2390949 -0.061092
759514 3480952 2248407 -0.073643
691290 3257484 2109284 -0.082823
611926 3000856 1977139 -0.113800
550656 2774394 1837383 -0.126051
508772 2546658 1672799 -0.113941
460848 2296690 1487852 -0.094991
398744 2053374 1331977 -0.103165
349096 1818562 1185573 -0.111895
286518 1544772 1038221 -0.158698
228330 1291886 892755 -0.205354
177682 1054756 715963 -0.189132
115578 814472 528681 -0.156312
59826 591850 363504 -0.127282
21312 363882 214581 -0.120830
2438 132074 69852 -0.039311
0 0 0 0.000000
0 0 0 0.000000
0 0 0 0.000000
0 0 0 0.000000
0 0 0 0.000000
0 0 0 0.000000
0 0 0 0.000000
0 0 0 0.000000
0 0 0 0.000000
0 0 0 0.000000
0 0 0 0.000000
0 0 0 0.000000
0 0 0 0.000000
0 0 0 0.000000
0 0 0 0.000000
0 0 0 0.000000
0 0 0 0.000000
0 0 0 0.000000
0 0 0 0.000000
0 0 0 0.000000
0 0 0 0.000000
0 0 0 0.000000
0 0 0 0.000000
0 0 0 0.000000
0 0 0 0.000000
0 0 0 0.000000
0 0 0 0.000000
0 0 0 0.000000
0 0 0 0.000000
0 0 0 0.000000
0 0 0 0.000000
0 0 0 0.000000
0 0 0 0.000000
0 0 0 0.000000
0 0 0 0.000000
0 0 0 0.000000
0 0 0 0.000000
0 0 0 0.000000
0 0 0 0.000000
0 0 0 0.000000
0 0 0 0.000000
0 0 0 0.000000
0 0 0 0.000000
0 0 0 0.000000
0 0 0 0.000000
0 0 0 0.000000
0 0 0 0.000000
0 0 0 0.000000
0 0 0 0.000000
0 0 0 0.000000
0 0 0 0.000000
0 0 0 0.000000
0 0 0 0.000000
0 0 0 0.000000
0 0 0 0.000000
0 0 0 0.000000
0 0 0 0.000000
0 0 0 0.000000
0 0 0 0.000000
0 0 0 0.000000
0 0 0 0.000000
0 0 0 0.000000
0 0 0 0.000000
0 0 0 0.000000
0 0 0 0.000000
0 0 0 0.000000
0 0 0 0.000000
0 0 0 0.000000
0 0 0 0.000000
0 0 0 0.000000
0 0 0 0.000000
0 0 0 0.000000
0 0 0 0.000000
0 0 0 0.000000
0 0 0 0.000000
0 0 0 0.000000
0 0 0 0.000000
0 0 0 0.000000
0 0 0 0.000000
0 0 0 0.000000
0 0 0 0.000000
0 0 0 0.000000
0 0 0 0.000000
0 0 0 0.000000
0 0 0 0.000000
0 0 0 0.000000
0 0 0 0.000000
0 0 0 0.000000
0 0 0 0.000000
0 0 0 0.000000
0 0 0 0.000000
0 0 0 0.000000
0 0 0 0.000000
0 0 0 0.000000
0 0 0 0.000000
0 0 0 0.000000
0 0 0 0.000000
0 0 0 0.000000
0 0 0 0.000000
0 0 0 0.000000
0 0 0 0.000000
0 0 0 0.000000
0 0 0 0.000000
0 0 0 0.000000
0 0 0 0.000000
0 0 0 0.000000
0 0 0 0.000000
0 0 0 0.000000
0 0 0 0.000000
0 0 0 0.000000
0 0 0 0.000000
0 0 0 0.000000
0 0 0 0.000000
0 0 0 0.000000
0 0 0 0.000000
0 0 0 0.000000
0 0 0 0.000000
0 0 0 0.000000
0 0 0 0.000000
0 0 0 0.000000
0 0 0 0.000000
0 0 0 0.000000
0 0 0 0.000000
0 0 0 0.000000
0 0 0 0.000000
0 0 0 0.000000
0 0 0 0.000000
0 0 0 0.000000
0 0 0 0.000000
0 0 0 0.000000
0 0 0 0.000000
0 0 0 0.000000
0 0 0 0.000000
0 0 0 0.000000
0 0 0 0.000000
0 0 0 0.000000
0 0 0 0.000000
0 0 0 0.000000
0 0 0 0.000000
0 0 0 0.000000
0 0 0 0.000000
0 0 0 0.000000
0 0 0 0.000000
0 0 0 0.000000
0 0 0 0.000000
0 0 0 0.000000
0 0 0 0.000000
0 0 0 0.000000
0 0 0 0.000000
0 0 0 0.000000
0 0 0 0.000000
0 0 0 0.000000
0 0 0 0.000000
0 0 0 0.000000
0 0 0 0.000000
0 0 0 0.000000
0 0 0 0.000000
0 0 0 0.000000
0 0 0 0.000000
0 0 0 0.000000
0 0 0 0.000000
0 0 0 0.000000
0 0 0 0.000000
0 0 0 0.000000
0 0 0 0.000000
0 0 0 0.000000
0 0 0 0.000000
0 0 0 0.000000
0 0 0 0.000000
0 0 0 0.000000
0 0 0 0.000000
0 0 0 0.000000
0 0 0 0.000000
0 0 0 0.000000
0 0 0 0.000000
0 0 0 0.000000
0 0 0 0.000000
0 0 0 0.000000
0 0 0 0.000000
0 0 0 0.000000
0 0 0 0.000000
0 0 0 0.000000
0 0 0 0.000000
0 0 0 0.000000
0 0 0 0.000000
0 0 0 0.000000
0 0 0 0.000000
0 0 0 0.000000
0 0 0 0.000000
0 0 0 0.000000
0 0 0 0.000000
0 0 0 0.000000
0 0 0 0.000000
0 0 0 0.000000
0 0 0 0.000000
0 0 0 0.000000
0 0 0 0.000000
0 0 0 0.000000
0 0 0 0.000000
0 0 0 0.000000
0 0 0 0.000000
0 0 0 0.000000
0 0 0 0.000000
0 0 0 0.000000
0 0 0 0.000000
0 0 0 0.000000
0 0 0 0.000000
0 0 0 0.000000
0 0 0 0.000000
0 0 0 0.000000
0 0 0 0.000000
0 0 0 0.000000
0 0 0 0.000000
0 0 0 0.000000
0 0 0 0.000000
0 0 0 0.000000
0 0 0 0.000000
0 0 0 0.000000
0 0 0 0.000000
0 0 0 0.000000
0 0 0 0.000000
0 0 0 0.000000
0 0 0 0.000000
0 0 0 0.000000
0 0 0 0.000000
0 0 0 0.000000
0 0 0 0.000000
0 0 0 0.000000
0 0 0 0.000000
0 0 0 0.000000
0 0 0 0.000000
0 0 0 0.000000
0 0 0 0.000000
0 0 0 0.000000
0 0 0 0.000000
0 0 0 0.000000
0 0 0 0.000000
0 0 0 0.000000
0 0 0 0.000000
0 0 0 0.000000
0 0 0 0.000000
0 0 0 0.000000
0 0 0 0.000000
0 0 0 0.000000
0 0 0 0.000000
0 0 0 0.000000
0 0 0 0.000000
0 0 0 0.000000
0 0 0 0.000000
0 0 0 0.000000
0 0 0 0.000000
0 0 0 0.000000
0 0 0 0.000000
0 0 0 0.000000
0 0 0 0.000000
0 0 0 0.000000
0 0 0 0.000000
0 0 0 0.000000
0 0 0 0.000000
0 0 0 0.000000
0 0 0 0.000000
0 0 0 0.000000
0 0 0 0.000000
0 0 0 0.000000
0 0 0 0.000000
0 0 0 0.000000
0 0 0 0.000000
0 0 0 0.000000
0 0 0 0.000000
0 0 0 0.000000
0 0 0 0.000000
0 0 0 0.000000
0 0 0 0.000000
0 0 0 0.000000
0 0 0 0.000000
0 0 0 0.000000
0 0 0 0.000000
0 0 0 0.000000
0 0 0 0.000000
0 0 0 0.000000
0 0 0 0.000000
0 0 0 0.000000
0 0 0 0.000000
0 0 0 0.000000
0 0 0 0.000000
0 0 0 0.000000
0 0 0 0.000000
0 0 0 0.000000
0 0 0 0.000000
0 0 0 0.000000
0 0 0 0.000000
0 0 0 0.000000
0 0 0 0.000000
0 0 0 0.000000
0 0 0 0.000000
0 0 0 0.000000
0 0 0 0.000000
0 0 0 0.000000
0 0 0 0.000000
0 0 0 0.000000
0 0 0 0.000000
0 0 0 0.000000
0 0 0 0.000000
0 0 0 0.000000
0 0 0 0.000000
0 0 0 0.000000
0 0 0 0.000000
0 0 0 0.000000
0 0 0 0.000000
0 0 0 0.000000
0 0 0 0.000000
0 0 0 0.000000
0 0 0 0.000000
0 0 0 0.000000
0 0 0 0.000000
0 0 0 0.000000
0 0 0 0.000000
0 0 0 0.000000
0 0 0 0.000000
0 0 0 0.000000
0 0 0 0.000000
0 0 0 0.000000
0 0 0 0.000000
0 0 0 0.000000
0 0 0 0.000000
0 0 0 0.000000
0 0 0 0.000000
0 0 0 0.000000
0 0 0 0.000000
0 0 0 0.000000
0 0 0 0.000000
0 0 0 0.000000
0 0 0 0.000000
0 0 0 0.000000
0 0 0 0.000000
0 0 0 0.000000
0 0 0 0.000000
0 0 0 0.000000
0 0 0 0.000000
0 0 0 0.000000
0 0 0 0.000000
0 0 0 0.000000
0 0 0 0.000000
0 0 0 0.000000
0 0 0 0.000000
0 0 0 0.000000
0 0 0 0.000000
0 0 0 0.000000
0 0 0 0.000000
0 0 0 0.000000
0 0 0 0.000000
0 0 0 0.000000
0 0 0 0.000000
0 0 0 0.000000
0 0 0 0.000000
0 0 0 0.000000
0 0 0 0.000000
0 0 0 0.000000
0 0 0 0.000000
0 0 0 0.000000
